build/app/outputs/mapping/release/usage.txt
kotlin.jvm.functions.Function7
kotlin.reflect.KProperty
kotlin.text.CharCategory$Companion$categoryMap$2
kotlin.coroutines.experimental.migration.ExperimentalContinuationInterceptorMigration
org.intellij.lang.annotations.RegExp
kotlin.native.concurrent.ThreadLocal
androidx.versionedparcelable.R
kotlin.text.Regex
androidx.core.app.NotificationManagerCompat
androidx.lifecycle.ClassesInfoCache$CallbackInfo:
    void <init>(java.util.Map)
    private static void invokeMethodsForEvent(java.util.List,androidx.lifecycle.LifecycleOwner,androidx.lifecycle.Lifecycle$Event,java.lang.Object)
    final java.util.Map mEventToHandlers
    final java.util.Map mHandlerToEvent
androidx.core.app.RemoteInput$Source
kotlin.sequences.MergingSequence$iterator$1
androidx.core.app.NotificationManagerCompat$CancelTask
kotlin.jvm.internal.MutablePropertyReference1
androidx.collection.ArraySet
androidx.core.text.util.LinkifyCompat$1
androidx.core.util.Pools
androidx.core.os.OperationCanceledException
androidx.annotation.MenuRes
androidx.fragment.app.FragmentManagerViewModel$1
androidx.savedstate.SavedStateRegistry:
    void <init>()
    public void registerSavedStateProvider(java.lang.String,androidx.savedstate.SavedStateRegistry$SavedStateProvider)
    public void unregisterSavedStateProvider(java.lang.String)
    public boolean isRestored()
    public void runOnNextRecreation(java.lang.Class)
    void performRestore(androidx.lifecycle.Lifecycle,android.os.Bundle)
    void performSave(android.os.Bundle)
    private androidx.arch.core.internal.SafeIterableMap mComponents
    private android.os.Bundle mRestoredState
    private boolean mRestored
    private androidx.savedstate.Recreator$SavedStateProvider mRecreatorProvider
    private static final java.lang.String SAVED_COMPONENTS_KEY
io.flutter.plugin.platform.PlatformViewRegistry:
    public abstract boolean registerViewFactory(java.lang.String,io.flutter.plugin.platform.PlatformViewFactory)
kotlin.UByteArrayKt
kotlin.collections.MapsKt__MapWithDefaultKt
kotlin.text.StringsKt__StringsKt$rangesDelimitedBy$2
kotlin.ranges.CharProgression$Companion
kotlin.comparisons.ComparisonsKt__ComparisonsKt$compareBy$3
kotlin.internal.RequireKotlinVersionKind
kotlin.coroutines.EmptyCoroutineContext
androidx.core.text.PrecomputedTextCompat$Params
kotlin.jvm.internal.markers.KMutableIterator
kotlin.collections.SlidingWindowKt$windowedIterator$1
kotlin.collections.ArraysKt___ArraysJvmKt$asList$1
kotlin.text.StringsKt__StringsKt$iterator$1
androidx.lifecycle.ComputableLiveData
kotlin.coroutines.jvm.internal.DebugMetadata
kotlin.StandardKt
androidx.core.text.TextDirectionHeuristicsCompat$FirstStrong
androidx.core.app.NotificationCompat$GroupAlertBehavior
androidx.core.graphics.drawable.RoundedBitmapDrawableFactory$DefaultRoundedBitmapDrawable
androidx.core.view.NestedScrollingParent2
kotlin.ranges.ULongProgression$Companion
kotlin.InitializedLazyImpl
androidx.activity.R$style
kotlin.jvm.JvmSynthetic
kotlin.reflect.KMutableProperty1
kotlin.properties.Delegates
androidx.core.app.JobIntentService$CommandProcessor
kotlin.io.ConstantsKt
io.flutter.view.FlutterView$ViewportMetrics
androidx.core.provider.FontsContractCompat$5
androidx.core.view.ViewCompat$1
androidx.core.view.inputmethod.InputContentInfoCompat$InputContentInfoCompatImpl
androidx.core.view.accessibility.AccessibilityNodeProviderCompat
androidx.annotation.AnimatorRes
kotlin.LazyKt
androidx.core.view.accessibility.AccessibilityManagerCompat$TouchExplorationStateChangeListenerWrapper
androidx.versionedparcelable.ParcelField
androidx.core.content.res.ColorStateListInflaterCompat
androidx.fragment.app.Fragment$OnStartEnterTransitionListener
kotlin.time.Duration$Companion
kotlin.time.AbstractDoubleClock$DoubleClockMark
kotlin.collections.ShortIterator
androidx.core.text.TextDirectionHeuristicsCompat$AnyStrong
org.intellij.lang.annotations.JdkConstants$TreeSelectionMode